<?xml version="1.0" encoding="UTF-8" ?>
<testsuite errors="0" failures="0" hostname="tmp58b035f74ff8.student.cwru.edu" name="TankTest" tests="6" time="0.049" timestamp="2012-09-26T01:16:47">
  <properties>
[...]
</properties>
  <testcase classname="TankTest" name="testSetCoordinates" time="0.0010" />
  <testcase classname="TankTest" name="testSetCoordinatesNegative" time="0.0" />
  <testcase classname="TankTest" name="testSetCoordinatesRepeated" time="0.0" />
  <testcase classname="TankTest" name="testGetBottom" time="0.0" />
  <testcase classname="TankTest" name="testGetTop" time="0.0" />
  <testcase classname="TankTest" name="testBaseArea" time="0.0010" />
  <system-out><![CDATA[]]></system-out>
  <system-err><![CDATA[]]></system-err>
</testsuite>
